Arguments: 
  C:\Program Files\nodejs\node.exe C:\Users\DHANESH\AppData\Roaming\npm\node_modules\yarn\bin\yarn.js add styled-components

PATH: 
  C:\Program Files\Common Files\Oracle\Java\javapath;C:\Windows\system32;C:\Windows;C:\Windows\System32\Wbem;C:\Windows\System32\WindowsPowerShell\v1.0\;C:\Windows\System32\OpenSSH\;C:\Program Files (x86)\NVIDIA Corporation\PhysX\Common;C:\Program Files\NVIDIA Corporation\NVIDIA NvDLISR;C:\Users\DHANESH\AppData\Roaming\nvm;C:\Program Files\nodejs;C:\Program Files\MySQL\MySQL Shell 8.0\bin\;C:\Users\DHANESH\AppData\Local\Microsoft\WindowsApps;C:\Users\DHANESH\AppData\Local\Programs\Microsoft VS Code\bin;C:\Users\DHANESH\AppData\Roaming\npm;C:\Users\DHANESH\AppData\Roaming\nvm;C:\Program Files\nodejs

Yarn version: 
  1.22.19

Node version: 
  20.11.0

Platform: 
  win32 x64

Trace: 
  Error: EPERM: operation not permitted, unlink 'C:\Users\DHANESH\OneDrive\Desktop\birthday_event\node_modules\@esbuild\win32-x64\esbuild.exe'

npm manifest: 
  {
    "name": "birthday_event",
    "private": true,
    "version": "0.0.0",
    "type": "module",
    "scripts": {
      "dev": "vite",
      "build": "vite build",
      "lint": "eslint . --ext js,jsx --report-unused-disable-directives --max-warnings 0",
      "preview": "vite preview"
    },
    "dependencies": {
      "@emotion/react": "^11.11.3",
      "@emotion/styled": "^11.11.0",
      "@mui/icons-material": "^5.15.6",
      "@mui/material": "^5.15.6",
      "@rsuite/icons": "^1.0.3",
      "react": "^18.2.0",
      "react-dom": "^18.2.0",
      "react-router-dom": "^6.21.3",
      "rsuite": "^5.52.0",
      "styled-components": "^6.1.8"
    },
    "devDependencies": {
      "@types/react": "^18.2.43",
      "@types/react-dom": "^18.2.17",
      "@vitejs/plugin-react-swc": "^3.5.0",
      "eslint": "^8.55.0",
      "eslint-plugin-react": "^7.33.2",
      "eslint-plugin-react-hooks": "^4.6.0",
      "eslint-plugin-react-refresh": "^0.4.5",
      "vite": "^5.0.8"
    }
  }

yarn manifest: 
  No manifest

Lockfile: 
  No lockfile
